[2024-09-23T00:47:07.359+0000] {taskinstance.py:1165} INFO - Dependencies all met for <TaskInstance: example_bash_operator.runme_2 scheduled__2024-09-22T00:00:00+00:00 [queued]>
[2024-09-23T00:47:07.474+0000] {taskinstance.py:1165} INFO - Dependencies all met for <TaskInstance: example_bash_operator.runme_2 scheduled__2024-09-22T00:00:00+00:00 [queued]>
[2024-09-23T00:47:07.479+0000] {taskinstance.py:1362} INFO - 
--------------------------------------------------------------------------------
[2024-09-23T00:47:07.485+0000] {taskinstance.py:1363} INFO - Starting attempt 1 of 1
[2024-09-23T00:47:07.488+0000] {taskinstance.py:1364} INFO - 
--------------------------------------------------------------------------------
[2024-09-23T00:47:21.159+0000] {taskinstance.py:1383} INFO - Executing <Task(BashOperator): runme_2> on 2024-09-22 00:00:00+00:00
[2024-09-23T00:47:22.765+0000] {standard_task_runner.py:55} INFO - Started process 4679 to run task
[2024-09-23T00:47:23.047+0000] {standard_task_runner.py:82} INFO - Running: ['***', 'tasks', 'run', 'example_bash_operator', 'runme_2', 'scheduled__2024-09-22T00:00:00+00:00', '--job-id', '20', '--raw', '--subdir', '/home/***/.local/lib/python3.7/site-packages/***/example_dags/example_bash_operator.py', '--cfg-path', '/tmp/tmpaxj85i5n']
[2024-09-23T00:47:23.064+0000] {standard_task_runner.py:83} INFO - Job 20: Subtask runme_2
[2024-09-23T00:47:25.073+0000] {task_command.py:376} INFO - Running <TaskInstance: example_bash_operator.runme_2 scheduled__2024-09-22T00:00:00+00:00 [running]> on host 3faff16bae04
[2024-09-23T00:47:25.558+0000] {taskinstance.py:1592} INFO - Exporting the following env vars:
AIRFLOW_CTX_DAG_OWNER=***
AIRFLOW_CTX_DAG_ID=example_bash_operator
AIRFLOW_CTX_TASK_ID=runme_2
AIRFLOW_CTX_EXECUTION_DATE=2024-09-22T00:00:00+00:00
AIRFLOW_CTX_TRY_NUMBER=1
AIRFLOW_CTX_DAG_RUN_ID=scheduled__2024-09-22T00:00:00+00:00
[2024-09-23T00:47:25.566+0000] {subprocess.py:63} INFO - Tmp dir root location: 
 /tmp
[2024-09-23T00:47:25.573+0000] {subprocess.py:75} INFO - Running command: ['/bin/bash', '-c', 'echo "example_bash_operator__runme_2__20240922" && sleep 1']
[2024-09-23T00:47:25.619+0000] {subprocess.py:86} INFO - Output:
[2024-09-23T00:47:25.624+0000] {subprocess.py:93} INFO - example_bash_operator__runme_2__20240922
[2024-09-23T00:47:26.631+0000] {subprocess.py:97} INFO - Command exited with return code 0
[2024-09-23T01:48:09.207+0000] {taskinstance.py:1406} INFO - Marking task as SUCCESS. dag_id=example_bash_operator, task_id=runme_2, execution_date=20240922T000000, start_date=20240923T004707, end_date=20240923T014809
[2024-09-23T01:48:09.494+0000] {local_task_job.py:164} INFO - Task exited with return code 0
[2024-09-23T01:48:09.967+0000] {local_task_job.py:273} INFO - 0 downstream tasks scheduled from follow-on schedule check
