[2024-09-22T17:21:43.316+0000] {taskinstance.py:1165} INFO - Dependencies all met for <TaskInstance: example_bash_operator.also_run_this manual__2024-09-22T17:21:41.909926+00:00 [queued]>
[2024-09-22T17:21:43.337+0000] {taskinstance.py:1165} INFO - Dependencies all met for <TaskInstance: example_bash_operator.also_run_this manual__2024-09-22T17:21:41.909926+00:00 [queued]>
[2024-09-22T17:21:43.338+0000] {taskinstance.py:1362} INFO - 
--------------------------------------------------------------------------------
[2024-09-22T17:21:43.339+0000] {taskinstance.py:1363} INFO - Starting attempt 1 of 1
[2024-09-22T17:21:43.340+0000] {taskinstance.py:1364} INFO - 
--------------------------------------------------------------------------------
[2024-09-22T17:21:43.367+0000] {taskinstance.py:1383} INFO - Executing <Task(BashOperator): also_run_this> on 2024-09-22 17:21:41.909926+00:00
[2024-09-22T17:21:43.375+0000] {standard_task_runner.py:55} INFO - Started process 848 to run task
[2024-09-22T17:21:43.384+0000] {standard_task_runner.py:82} INFO - Running: ['***', 'tasks', 'run', 'example_bash_operator', 'also_run_this', 'manual__2024-09-22T17:21:41.909926+00:00', '--job-id', '9', '--raw', '--subdir', '/home/***/.local/lib/python3.7/site-packages/***/example_dags/example_bash_operator.py', '--cfg-path', '/tmp/tmpsz7ydvqq']
[2024-09-22T17:21:43.385+0000] {standard_task_runner.py:83} INFO - Job 9: Subtask also_run_this
[2024-09-22T17:21:43.523+0000] {task_command.py:376} INFO - Running <TaskInstance: example_bash_operator.also_run_this manual__2024-09-22T17:21:41.909926+00:00 [running]> on host 3faff16bae04
[2024-09-22T17:21:43.670+0000] {taskinstance.py:1592} INFO - Exporting the following env vars:
AIRFLOW_CTX_DAG_OWNER=***
AIRFLOW_CTX_DAG_ID=example_bash_operator
AIRFLOW_CTX_TASK_ID=also_run_this
AIRFLOW_CTX_EXECUTION_DATE=2024-09-22T17:21:41.909926+00:00
AIRFLOW_CTX_TRY_NUMBER=1
AIRFLOW_CTX_DAG_RUN_ID=manual__2024-09-22T17:21:41.909926+00:00
[2024-09-22T17:21:43.674+0000] {subprocess.py:63} INFO - Tmp dir root location: 
 /tmp
[2024-09-22T17:21:43.676+0000] {subprocess.py:75} INFO - Running command: ['/bin/bash', '-c', 'echo "ti_key=example_bash_operator__also_run_this__20240922"']
[2024-09-22T17:21:43.695+0000] {subprocess.py:86} INFO - Output:
[2024-09-22T17:21:43.699+0000] {subprocess.py:93} INFO - ti_key=example_bash_operator__also_run_this__20240922
[2024-09-22T17:21:43.700+0000] {subprocess.py:97} INFO - Command exited with return code 0
[2024-09-22T17:21:43.749+0000] {taskinstance.py:1406} INFO - Marking task as SUCCESS. dag_id=example_bash_operator, task_id=also_run_this, execution_date=20240922T172141, start_date=20240922T172143, end_date=20240922T172143
[2024-09-22T17:21:43.801+0000] {local_task_job.py:164} INFO - Task exited with return code 0
[2024-09-22T17:21:43.868+0000] {local_task_job.py:273} INFO - 0 downstream tasks scheduled from follow-on schedule check
