[2024-09-22T17:21:46.102+0000] {taskinstance.py:1165} INFO - Dependencies all met for <TaskInstance: example_bash_operator.run_after_loop manual__2024-09-22T17:21:41.909926+00:00 [queued]>
[2024-09-22T17:21:46.119+0000] {taskinstance.py:1165} INFO - Dependencies all met for <TaskInstance: example_bash_operator.run_after_loop manual__2024-09-22T17:21:41.909926+00:00 [queued]>
[2024-09-22T17:21:46.120+0000] {taskinstance.py:1362} INFO - 
--------------------------------------------------------------------------------
[2024-09-22T17:21:46.121+0000] {taskinstance.py:1363} INFO - Starting attempt 1 of 1
[2024-09-22T17:21:46.122+0000] {taskinstance.py:1364} INFO - 
--------------------------------------------------------------------------------
[2024-09-22T17:21:46.141+0000] {taskinstance.py:1383} INFO - Executing <Task(BashOperator): run_after_loop> on 2024-09-22 17:21:41.909926+00:00
[2024-09-22T17:21:46.148+0000] {standard_task_runner.py:55} INFO - Started process 859 to run task
[2024-09-22T17:21:46.154+0000] {standard_task_runner.py:82} INFO - Running: ['***', 'tasks', 'run', 'example_bash_operator', 'run_after_loop', 'manual__2024-09-22T17:21:41.909926+00:00', '--job-id', '14', '--raw', '--subdir', '/home/***/.local/lib/python3.7/site-packages/***/example_dags/example_bash_operator.py', '--cfg-path', '/tmp/tmpmjmq8z2c']
[2024-09-22T17:21:46.155+0000] {standard_task_runner.py:83} INFO - Job 14: Subtask run_after_loop
[2024-09-22T17:21:46.257+0000] {task_command.py:376} INFO - Running <TaskInstance: example_bash_operator.run_after_loop manual__2024-09-22T17:21:41.909926+00:00 [running]> on host 3faff16bae04
[2024-09-22T17:21:46.365+0000] {taskinstance.py:1592} INFO - Exporting the following env vars:
AIRFLOW_CTX_DAG_OWNER=***
AIRFLOW_CTX_DAG_ID=example_bash_operator
AIRFLOW_CTX_TASK_ID=run_after_loop
AIRFLOW_CTX_EXECUTION_DATE=2024-09-22T17:21:41.909926+00:00
AIRFLOW_CTX_TRY_NUMBER=1
AIRFLOW_CTX_DAG_RUN_ID=manual__2024-09-22T17:21:41.909926+00:00
[2024-09-22T17:21:46.367+0000] {subprocess.py:63} INFO - Tmp dir root location: 
 /tmp
[2024-09-22T17:21:46.369+0000] {subprocess.py:75} INFO - Running command: ['/bin/bash', '-c', 'echo 1']
[2024-09-22T17:21:46.387+0000] {subprocess.py:86} INFO - Output:
[2024-09-22T17:21:46.390+0000] {subprocess.py:93} INFO - 1
[2024-09-22T17:21:46.391+0000] {subprocess.py:97} INFO - Command exited with return code 0
[2024-09-22T17:21:46.429+0000] {taskinstance.py:1406} INFO - Marking task as SUCCESS. dag_id=example_bash_operator, task_id=run_after_loop, execution_date=20240922T172141, start_date=20240922T172146, end_date=20240922T172146
[2024-09-22T17:21:46.486+0000] {local_task_job.py:164} INFO - Task exited with return code 0
[2024-09-22T17:21:46.515+0000] {local_task_job.py:273} INFO - 0 downstream tasks scheduled from follow-on schedule check
