[2024-09-23T00:47:23.875+0000] {taskinstance.py:1165} INFO - Dependencies all met for <TaskInstance: user_processing.is_api_available scheduled__2024-09-22T00:00:00+00:00 [queued]>
[2024-09-23T00:47:23.939+0000] {taskinstance.py:1165} INFO - Dependencies all met for <TaskInstance: user_processing.is_api_available scheduled__2024-09-22T00:00:00+00:00 [queued]>
[2024-09-23T00:47:23.947+0000] {taskinstance.py:1362} INFO - 
--------------------------------------------------------------------------------
[2024-09-23T00:47:23.949+0000] {taskinstance.py:1363} INFO - Starting attempt 1 of 1
[2024-09-23T00:47:23.953+0000] {taskinstance.py:1364} INFO - 
--------------------------------------------------------------------------------
[2024-09-23T00:47:24.064+0000] {taskinstance.py:1383} INFO - Executing <Task(HttpSensor): is_api_available> on 2024-09-22 00:00:00+00:00
[2024-09-23T00:47:24.109+0000] {standard_task_runner.py:55} INFO - Started process 4683 to run task
[2024-09-23T00:47:24.158+0000] {standard_task_runner.py:82} INFO - Running: ['***', 'tasks', 'run', 'user_processing', 'is_api_available', 'scheduled__2024-09-22T00:00:00+00:00', '--job-id', '23', '--raw', '--subdir', 'DAGS_FOLDER/user_processing.py', '--cfg-path', '/tmp/tmpaf2v5_fe']
[2024-09-23T00:47:24.160+0000] {standard_task_runner.py:83} INFO - Job 23: Subtask is_api_available
[2024-09-23T00:47:24.455+0000] {task_command.py:376} INFO - Running <TaskInstance: user_processing.is_api_available scheduled__2024-09-22T00:00:00+00:00 [running]> on host 3faff16bae04
[2024-09-23T00:47:25.312+0000] {taskinstance.py:1592} INFO - Exporting the following env vars:
AIRFLOW_CTX_DAG_OWNER=***
AIRFLOW_CTX_DAG_ID=user_processing
AIRFLOW_CTX_TASK_ID=is_api_available
AIRFLOW_CTX_EXECUTION_DATE=2024-09-22T00:00:00+00:00
AIRFLOW_CTX_TRY_NUMBER=1
AIRFLOW_CTX_DAG_RUN_ID=scheduled__2024-09-22T00:00:00+00:00
[2024-09-23T00:47:25.327+0000] {http.py:120} INFO - Poking: api/
[2024-09-23T00:47:25.624+0000] {base.py:71} INFO - Using connection ID 'user_api' for task execution.
[2024-09-23T00:47:25.822+0000] {http.py:148} INFO - Sending 'GET' to url: https://randomuser.me/api/
[2024-09-23T01:48:09.663+0000] {base.py:213} INFO - Success criteria met. Exiting.
[2024-09-23T01:48:09.790+0000] {taskinstance.py:1406} INFO - Marking task as SUCCESS. dag_id=user_processing, task_id=is_api_available, execution_date=20240922T000000, start_date=20240923T004723, end_date=20240923T014809
[2024-09-23T01:48:09.923+0000] {local_task_job.py:164} INFO - Task exited with return code 0
[2024-09-23T01:48:10.106+0000] {local_task_job.py:273} INFO - 0 downstream tasks scheduled from follow-on schedule check
