[2024-09-23T18:07:40.547+0000] {taskinstance.py:1165} INFO - Dependencies all met for <TaskInstance: user_processing.extract_user manual__2024-09-23T18:07:38.926845+00:00 [queued]>
[2024-09-23T18:07:40.565+0000] {taskinstance.py:1165} INFO - Dependencies all met for <TaskInstance: user_processing.extract_user manual__2024-09-23T18:07:38.926845+00:00 [queued]>
[2024-09-23T18:07:40.566+0000] {taskinstance.py:1362} INFO - 
--------------------------------------------------------------------------------
[2024-09-23T18:07:40.567+0000] {taskinstance.py:1363} INFO - Starting attempt 1 of 1
[2024-09-23T18:07:40.569+0000] {taskinstance.py:1364} INFO - 
--------------------------------------------------------------------------------
[2024-09-23T18:07:40.597+0000] {taskinstance.py:1383} INFO - Executing <Task(SimpleHttpOperator): extract_user> on 2024-09-23 18:07:38.926845+00:00
[2024-09-23T18:07:40.607+0000] {standard_task_runner.py:55} INFO - Started process 14677 to run task
[2024-09-23T18:07:40.614+0000] {standard_task_runner.py:82} INFO - Running: ['***', 'tasks', 'run', 'user_processing', 'extract_user', 'manual__2024-09-23T18:07:38.926845+00:00', '--job-id', '46', '--raw', '--subdir', 'DAGS_FOLDER/user_processing.py', '--cfg-path', '/tmp/tmpp165ya85']
[2024-09-23T18:07:40.617+0000] {standard_task_runner.py:83} INFO - Job 46: Subtask extract_user
[2024-09-23T18:07:40.723+0000] {task_command.py:376} INFO - Running <TaskInstance: user_processing.extract_user manual__2024-09-23T18:07:38.926845+00:00 [running]> on host 3faff16bae04
[2024-09-23T18:07:40.846+0000] {taskinstance.py:1592} INFO - Exporting the following env vars:
AIRFLOW_CTX_DAG_OWNER=***
AIRFLOW_CTX_DAG_ID=user_processing
AIRFLOW_CTX_TASK_ID=extract_user
AIRFLOW_CTX_EXECUTION_DATE=2024-09-23T18:07:38.926845+00:00
AIRFLOW_CTX_TRY_NUMBER=1
AIRFLOW_CTX_DAG_RUN_ID=manual__2024-09-23T18:07:38.926845+00:00
[2024-09-23T18:07:40.849+0000] {http.py:121} INFO - Calling HTTP method
[2024-09-23T18:07:40.865+0000] {base.py:71} INFO - Using connection ID 'user_api' for task execution.
[2024-09-23T18:07:40.869+0000] {http.py:148} INFO - Sending 'GET' to url: https://randomuser.me/api/
[2024-09-23T18:07:41.248+0000] {http.py:125} INFO - {"results":[{"gender":"male","name":{"title":"Mr","first":"Bjørnar","last":"Wennevold"},"location":{"street":{"number":5376,"name":"Enebostubben"},"city":"Klevjer","state":"Vestfold","country":"Norway","postcode":"1325","coordinates":{"latitude":"46.1951","longitude":"-68.5053"},"timezone":{"offset":"-10:00","description":"Hawaii"}},"email":"bjornar.wennevold@example.com","login":{"uuid":"2f1826f5-8931-4daf-b8c7-14a20130e7af","username":"smallladybug180","password":"longhorn","salt":"GKmeZP0S","md5":"26d4746d45183e61a490cb12d7193027","sha1":"51bed115323eda1356a4627990b3d2f8a5f84d3f","sha256":"ae0de5bc881d98c9c610a557be63cf7d4b8f11908ee4e35c4cfed45f5112ced6"},"dob":{"date":"1961-06-22T11:28:35.031Z","age":63},"registered":{"date":"2015-02-14T16:57:51.362Z","age":9},"phone":"21208469","cell":"90760854","id":{"name":"FN","value":"22066104153"},"picture":{"large":"https://randomuser.me/api/portraits/men/18.jpg","medium":"https://randomuser.me/api/portraits/med/men/18.jpg","thumbnail":"https://randomuser.me/api/portraits/thumb/men/18.jpg"},"nat":"NO"}],"info":{"seed":"4581111817a2e3f2","results":1,"page":1,"version":"1.4"}}
[2024-09-23T18:07:41.293+0000] {taskinstance.py:1406} INFO - Marking task as SUCCESS. dag_id=user_processing, task_id=extract_user, execution_date=20240923T180738, start_date=20240923T180740, end_date=20240923T180741
[2024-09-23T18:07:41.356+0000] {local_task_job.py:164} INFO - Task exited with return code 0
[2024-09-23T18:07:41.396+0000] {local_task_job.py:273} INFO - 1 downstream tasks scheduled from follow-on schedule check
