[2024-09-23T18:06:59.679+0000] {taskinstance.py:1165} INFO - Dependencies all met for <TaskInstance: user_processing.extract_user manual__2024-09-23T18:06:57.815384+00:00 [queued]>
[2024-09-23T18:06:59.695+0000] {taskinstance.py:1165} INFO - Dependencies all met for <TaskInstance: user_processing.extract_user manual__2024-09-23T18:06:57.815384+00:00 [queued]>
[2024-09-23T18:06:59.696+0000] {taskinstance.py:1362} INFO - 
--------------------------------------------------------------------------------
[2024-09-23T18:06:59.698+0000] {taskinstance.py:1363} INFO - Starting attempt 1 of 1
[2024-09-23T18:06:59.699+0000] {taskinstance.py:1364} INFO - 
--------------------------------------------------------------------------------
[2024-09-23T18:06:59.729+0000] {taskinstance.py:1383} INFO - Executing <Task(SimpleHttpOperator): extract_user> on 2024-09-23 18:06:57.815384+00:00
[2024-09-23T18:06:59.738+0000] {standard_task_runner.py:55} INFO - Started process 14624 to run task
[2024-09-23T18:06:59.744+0000] {standard_task_runner.py:82} INFO - Running: ['***', 'tasks', 'run', 'user_processing', 'extract_user', 'manual__2024-09-23T18:06:57.815384+00:00', '--job-id', '37', '--raw', '--subdir', 'DAGS_FOLDER/user_processing.py', '--cfg-path', '/tmp/tmp41x1r3q8']
[2024-09-23T18:06:59.748+0000] {standard_task_runner.py:83} INFO - Job 37: Subtask extract_user
[2024-09-23T18:06:59.821+0000] {task_command.py:376} INFO - Running <TaskInstance: user_processing.extract_user manual__2024-09-23T18:06:57.815384+00:00 [running]> on host 3faff16bae04
[2024-09-23T18:06:59.933+0000] {taskinstance.py:1592} INFO - Exporting the following env vars:
AIRFLOW_CTX_DAG_OWNER=***
AIRFLOW_CTX_DAG_ID=user_processing
AIRFLOW_CTX_TASK_ID=extract_user
AIRFLOW_CTX_EXECUTION_DATE=2024-09-23T18:06:57.815384+00:00
AIRFLOW_CTX_TRY_NUMBER=1
AIRFLOW_CTX_DAG_RUN_ID=manual__2024-09-23T18:06:57.815384+00:00
[2024-09-23T18:06:59.937+0000] {http.py:121} INFO - Calling HTTP method
[2024-09-23T18:06:59.961+0000] {base.py:71} INFO - Using connection ID 'user_api' for task execution.
[2024-09-23T18:06:59.967+0000] {http.py:148} INFO - Sending 'GET' to url: https://randomuser.me/api/
[2024-09-23T18:07:01.295+0000] {http.py:125} INFO - {"results":[{"gender":"male","name":{"title":"Mr","first":"Jon","last":"Carr"},"location":{"street":{"number":1413,"name":"Pockrus Page Rd"},"city":"Topeka","state":"Iowa","country":"United States","postcode":67044,"coordinates":{"latitude":"81.6271","longitude":"-171.0325"},"timezone":{"offset":"-6:00","description":"Central Time (US & Canada), Mexico City"}},"email":"jon.carr@example.com","login":{"uuid":"8232ae4a-de45-488e-8e3d-e1305410ba66","username":"bluesnake896","password":"tarzan","salt":"25svFG4b","md5":"189f84c075c1a0183597501b13c43d12","sha1":"9dc66930a0dcd3b8f47d4a2385e9bf00e4501951","sha256":"0ef83ddf5d1b21a685f4879e6bf5d075611abf0c9b239d8b04f0beaf8c2aaf34"},"dob":{"date":"1950-08-21T05:40:04.963Z","age":74},"registered":{"date":"2006-07-19T03:21:21.885Z","age":18},"phone":"(420) 266-4370","cell":"(451) 404-4714","id":{"name":"SSN","value":"387-65-2804"},"picture":{"large":"https://randomuser.me/api/portraits/men/2.jpg","medium":"https://randomuser.me/api/portraits/med/men/2.jpg","thumbnail":"https://randomuser.me/api/portraits/thumb/men/2.jpg"},"nat":"US"}],"info":{"seed":"7c2586fbe890c5f0","results":1,"page":1,"version":"1.4"}}
[2024-09-23T18:07:01.347+0000] {taskinstance.py:1406} INFO - Marking task as SUCCESS. dag_id=user_processing, task_id=extract_user, execution_date=20240923T180657, start_date=20240923T180659, end_date=20240923T180701
[2024-09-23T18:07:01.414+0000] {local_task_job.py:164} INFO - Task exited with return code 0
[2024-09-23T18:07:01.455+0000] {local_task_job.py:273} INFO - 1 downstream tasks scheduled from follow-on schedule check
