[2024-09-22T17:21:43.378+0000] {taskinstance.py:1165} INFO - Dependencies all met for <TaskInstance: example_bash_operator.runme_0 manual__2024-09-22T17:21:41.909926+00:00 [queued]>
[2024-09-22T17:21:43.400+0000] {taskinstance.py:1165} INFO - Dependencies all met for <TaskInstance: example_bash_operator.runme_0 manual__2024-09-22T17:21:41.909926+00:00 [queued]>
[2024-09-22T17:21:43.401+0000] {taskinstance.py:1362} INFO - 
--------------------------------------------------------------------------------
[2024-09-22T17:21:43.402+0000] {taskinstance.py:1363} INFO - Starting attempt 1 of 1
[2024-09-22T17:21:43.404+0000] {taskinstance.py:1364} INFO - 
--------------------------------------------------------------------------------
[2024-09-22T17:21:43.435+0000] {taskinstance.py:1383} INFO - Executing <Task(BashOperator): runme_0> on 2024-09-22 17:21:41.909926+00:00
[2024-09-22T17:21:43.444+0000] {standard_task_runner.py:55} INFO - Started process 852 to run task
[2024-09-22T17:21:43.451+0000] {standard_task_runner.py:82} INFO - Running: ['***', 'tasks', 'run', 'example_bash_operator', 'runme_0', 'manual__2024-09-22T17:21:41.909926+00:00', '--job-id', '13', '--raw', '--subdir', '/home/***/.local/lib/python3.7/site-packages/***/example_dags/example_bash_operator.py', '--cfg-path', '/tmp/tmp9i9ju6op']
[2024-09-22T17:21:43.453+0000] {standard_task_runner.py:83} INFO - Job 13: Subtask runme_0
[2024-09-22T17:21:43.574+0000] {task_command.py:376} INFO - Running <TaskInstance: example_bash_operator.runme_0 manual__2024-09-22T17:21:41.909926+00:00 [running]> on host 3faff16bae04
[2024-09-22T17:21:43.722+0000] {taskinstance.py:1592} INFO - Exporting the following env vars:
AIRFLOW_CTX_DAG_OWNER=***
AIRFLOW_CTX_DAG_ID=example_bash_operator
AIRFLOW_CTX_TASK_ID=runme_0
AIRFLOW_CTX_EXECUTION_DATE=2024-09-22T17:21:41.909926+00:00
AIRFLOW_CTX_TRY_NUMBER=1
AIRFLOW_CTX_DAG_RUN_ID=manual__2024-09-22T17:21:41.909926+00:00
[2024-09-22T17:21:43.724+0000] {subprocess.py:63} INFO - Tmp dir root location: 
 /tmp
[2024-09-22T17:21:43.726+0000] {subprocess.py:75} INFO - Running command: ['/bin/bash', '-c', 'echo "example_bash_operator__runme_0__20240922" && sleep 1']
[2024-09-22T17:21:43.746+0000] {subprocess.py:86} INFO - Output:
[2024-09-22T17:21:43.749+0000] {subprocess.py:93} INFO - example_bash_operator__runme_0__20240922
[2024-09-22T17:21:44.731+0000] {subprocess.py:97} INFO - Command exited with return code 0
[2024-09-22T17:21:44.774+0000] {taskinstance.py:1406} INFO - Marking task as SUCCESS. dag_id=example_bash_operator, task_id=runme_0, execution_date=20240922T172141, start_date=20240922T172143, end_date=20240922T172144
[2024-09-22T17:21:44.811+0000] {local_task_job.py:164} INFO - Task exited with return code 0
[2024-09-22T17:21:44.851+0000] {local_task_job.py:273} INFO - 1 downstream tasks scheduled from follow-on schedule check
