[2024-09-23T18:07:10.592+0000] {taskinstance.py:1165} INFO - Dependencies all met for <TaskInstance: user_processing.extract_user manual__2024-09-23T18:07:08.828052+00:00 [queued]>
[2024-09-23T18:07:10.609+0000] {taskinstance.py:1165} INFO - Dependencies all met for <TaskInstance: user_processing.extract_user manual__2024-09-23T18:07:08.828052+00:00 [queued]>
[2024-09-23T18:07:10.610+0000] {taskinstance.py:1362} INFO - 
--------------------------------------------------------------------------------
[2024-09-23T18:07:10.611+0000] {taskinstance.py:1363} INFO - Starting attempt 1 of 1
[2024-09-23T18:07:10.614+0000] {taskinstance.py:1364} INFO - 
--------------------------------------------------------------------------------
[2024-09-23T18:07:10.638+0000] {taskinstance.py:1383} INFO - Executing <Task(SimpleHttpOperator): extract_user> on 2024-09-23 18:07:08.828052+00:00
[2024-09-23T18:07:10.646+0000] {standard_task_runner.py:55} INFO - Started process 14646 to run task
[2024-09-23T18:07:10.652+0000] {standard_task_runner.py:82} INFO - Running: ['***', 'tasks', 'run', 'user_processing', 'extract_user', 'manual__2024-09-23T18:07:08.828052+00:00', '--job-id', '42', '--raw', '--subdir', 'DAGS_FOLDER/user_processing.py', '--cfg-path', '/tmp/tmpabu0m0bd']
[2024-09-23T18:07:10.656+0000] {standard_task_runner.py:83} INFO - Job 42: Subtask extract_user
[2024-09-23T18:07:10.775+0000] {task_command.py:376} INFO - Running <TaskInstance: user_processing.extract_user manual__2024-09-23T18:07:08.828052+00:00 [running]> on host 3faff16bae04
[2024-09-23T18:07:10.909+0000] {taskinstance.py:1592} INFO - Exporting the following env vars:
AIRFLOW_CTX_DAG_OWNER=***
AIRFLOW_CTX_DAG_ID=user_processing
AIRFLOW_CTX_TASK_ID=extract_user
AIRFLOW_CTX_EXECUTION_DATE=2024-09-23T18:07:08.828052+00:00
AIRFLOW_CTX_TRY_NUMBER=1
AIRFLOW_CTX_DAG_RUN_ID=manual__2024-09-23T18:07:08.828052+00:00
[2024-09-23T18:07:10.916+0000] {http.py:121} INFO - Calling HTTP method
[2024-09-23T18:07:10.932+0000] {base.py:71} INFO - Using connection ID 'user_api' for task execution.
[2024-09-23T18:07:10.935+0000] {http.py:148} INFO - Sending 'GET' to url: https://randomuser.me/api/
[2024-09-23T18:07:14.770+0000] {http.py:125} INFO - {"results":[{"gender":"female","name":{"title":"Mrs","first":"Nicoline","last":"Werner"},"location":{"street":{"number":8647,"name":"Abildsøfaret"},"city":"Mesnali","state":"Bergen","country":"Norway","postcode":"5694","coordinates":{"latitude":"44.6136","longitude":"170.1070"},"timezone":{"offset":"+7:00","description":"Bangkok, Hanoi, Jakarta"}},"email":"nicoline.werner@example.com","login":{"uuid":"bf6dd081-4781-4af1-a8c6-c4140382e145","username":"happysnake375","password":"sigma","salt":"CFfO9g5I","md5":"2774eeedef58adcb4af820067cd67b78","sha1":"12ee4d4f718544da11308882d849e4bc59330a8b","sha256":"a92a6c8c1fb206cee72b781dc3666e3aebd45e22e43565a29fb079cad1fa93de"},"dob":{"date":"1949-10-28T14:34:39.044Z","age":74},"registered":{"date":"2007-05-18T07:18:11.693Z","age":17},"phone":"35190232","cell":"44603300","id":{"name":"FN","value":"28104933604"},"picture":{"large":"https://randomuser.me/api/portraits/women/4.jpg","medium":"https://randomuser.me/api/portraits/med/women/4.jpg","thumbnail":"https://randomuser.me/api/portraits/thumb/women/4.jpg"},"nat":"NO"}],"info":{"seed":"4c5ba1467866c978","results":1,"page":1,"version":"1.4"}}
[2024-09-23T18:07:14.808+0000] {taskinstance.py:1406} INFO - Marking task as SUCCESS. dag_id=user_processing, task_id=extract_user, execution_date=20240923T180708, start_date=20240923T180710, end_date=20240923T180714
[2024-09-23T18:07:14.857+0000] {local_task_job.py:164} INFO - Task exited with return code 0
[2024-09-23T18:07:14.907+0000] {local_task_job.py:273} INFO - 0 downstream tasks scheduled from follow-on schedule check
