[2024-09-22T17:21:23.227+0000] {taskinstance.py:1165} INFO - Dependencies all met for <TaskInstance: example_bash_operator.runme_1 scheduled__2024-09-21T00:00:00+00:00 [queued]>
[2024-09-22T17:21:23.249+0000] {taskinstance.py:1165} INFO - Dependencies all met for <TaskInstance: example_bash_operator.runme_1 scheduled__2024-09-21T00:00:00+00:00 [queued]>
[2024-09-22T17:21:23.250+0000] {taskinstance.py:1362} INFO - 
--------------------------------------------------------------------------------
[2024-09-22T17:21:23.251+0000] {taskinstance.py:1363} INFO - Starting attempt 1 of 1
[2024-09-22T17:21:23.253+0000] {taskinstance.py:1364} INFO - 
--------------------------------------------------------------------------------
[2024-09-22T17:21:23.337+0000] {taskinstance.py:1383} INFO - Executing <Task(BashOperator): runme_1> on 2024-09-21 00:00:00+00:00
[2024-09-22T17:21:23.354+0000] {standard_task_runner.py:55} INFO - Started process 815 to run task
[2024-09-22T17:21:23.361+0000] {standard_task_runner.py:82} INFO - Running: ['***', 'tasks', 'run', 'example_bash_operator', 'runme_1', 'scheduled__2024-09-21T00:00:00+00:00', '--job-id', '7', '--raw', '--subdir', '/home/***/.local/lib/python3.7/site-packages/***/example_dags/example_bash_operator.py', '--cfg-path', '/tmp/tmpmlmi8c4f']
[2024-09-22T17:21:23.363+0000] {standard_task_runner.py:83} INFO - Job 7: Subtask runme_1
[2024-09-22T17:21:23.489+0000] {task_command.py:376} INFO - Running <TaskInstance: example_bash_operator.runme_1 scheduled__2024-09-21T00:00:00+00:00 [running]> on host 3faff16bae04
[2024-09-22T17:21:23.606+0000] {taskinstance.py:1592} INFO - Exporting the following env vars:
AIRFLOW_CTX_DAG_OWNER=***
AIRFLOW_CTX_DAG_ID=example_bash_operator
AIRFLOW_CTX_TASK_ID=runme_1
AIRFLOW_CTX_EXECUTION_DATE=2024-09-21T00:00:00+00:00
AIRFLOW_CTX_TRY_NUMBER=1
AIRFLOW_CTX_DAG_RUN_ID=scheduled__2024-09-21T00:00:00+00:00
[2024-09-22T17:21:23.609+0000] {subprocess.py:63} INFO - Tmp dir root location: 
 /tmp
[2024-09-22T17:21:23.611+0000] {subprocess.py:75} INFO - Running command: ['/bin/bash', '-c', 'echo "example_bash_operator__runme_1__20240921" && sleep 1']
[2024-09-22T17:21:23.630+0000] {subprocess.py:86} INFO - Output:
[2024-09-22T17:21:23.633+0000] {subprocess.py:93} INFO - example_bash_operator__runme_1__20240921
[2024-09-22T17:21:24.636+0000] {subprocess.py:97} INFO - Command exited with return code 0
[2024-09-22T17:21:24.674+0000] {taskinstance.py:1406} INFO - Marking task as SUCCESS. dag_id=example_bash_operator, task_id=runme_1, execution_date=20240921T000000, start_date=20240922T172123, end_date=20240922T172124
[2024-09-22T17:21:24.740+0000] {local_task_job.py:164} INFO - Task exited with return code 0
[2024-09-22T17:21:24.784+0000] {local_task_job.py:273} INFO - 1 downstream tasks scheduled from follow-on schedule check
