[2024-09-23T18:08:37.153+0000] {taskinstance.py:1165} INFO - Dependencies all met for <TaskInstance: user_processing.extract_user manual__2024-09-23T18:08:35.611089+00:00 [queued]>
[2024-09-23T18:08:37.169+0000] {taskinstance.py:1165} INFO - Dependencies all met for <TaskInstance: user_processing.extract_user manual__2024-09-23T18:08:35.611089+00:00 [queued]>
[2024-09-23T18:08:37.171+0000] {taskinstance.py:1362} INFO - 
--------------------------------------------------------------------------------
[2024-09-23T18:08:37.172+0000] {taskinstance.py:1363} INFO - Starting attempt 1 of 1
[2024-09-23T18:08:37.173+0000] {taskinstance.py:1364} INFO - 
--------------------------------------------------------------------------------
[2024-09-23T18:08:37.193+0000] {taskinstance.py:1383} INFO - Executing <Task(SimpleHttpOperator): extract_user> on 2024-09-23 18:08:35.611089+00:00
[2024-09-23T18:08:37.201+0000] {standard_task_runner.py:55} INFO - Started process 14738 to run task
[2024-09-23T18:08:37.208+0000] {standard_task_runner.py:82} INFO - Running: ['***', 'tasks', 'run', 'user_processing', 'extract_user', 'manual__2024-09-23T18:08:35.611089+00:00', '--job-id', '49', '--raw', '--subdir', 'DAGS_FOLDER/user_processing.py', '--cfg-path', '/tmp/tmppjuq2mqg']
[2024-09-23T18:08:37.212+0000] {standard_task_runner.py:83} INFO - Job 49: Subtask extract_user
[2024-09-23T18:08:37.322+0000] {task_command.py:376} INFO - Running <TaskInstance: user_processing.extract_user manual__2024-09-23T18:08:35.611089+00:00 [running]> on host 3faff16bae04
[2024-09-23T18:08:37.429+0000] {taskinstance.py:1592} INFO - Exporting the following env vars:
AIRFLOW_CTX_DAG_OWNER=***
AIRFLOW_CTX_DAG_ID=user_processing
AIRFLOW_CTX_TASK_ID=extract_user
AIRFLOW_CTX_EXECUTION_DATE=2024-09-23T18:08:35.611089+00:00
AIRFLOW_CTX_TRY_NUMBER=1
AIRFLOW_CTX_DAG_RUN_ID=manual__2024-09-23T18:08:35.611089+00:00
[2024-09-23T18:08:37.433+0000] {http.py:121} INFO - Calling HTTP method
[2024-09-23T18:08:37.449+0000] {base.py:71} INFO - Using connection ID 'user_api' for task execution.
[2024-09-23T18:08:37.452+0000] {http.py:148} INFO - Sending 'GET' to url: https://randomuser.me/api/
[2024-09-23T18:08:37.877+0000] {http.py:125} INFO - {"results":[{"gender":"female","name":{"title":"Ms","first":"Suraksha","last":"Mendonsa"},"location":{"street":{"number":915,"name":"Shakespeare Sarani"},"city":"Amaravati","state":"Manipur","country":"India","postcode":20488,"coordinates":{"latitude":"10.8303","longitude":"79.2929"},"timezone":{"offset":"+5:30","description":"Bombay, Calcutta, Madras, New Delhi"}},"email":"suraksha.mendonsa@example.com","login":{"uuid":"e8cb1d09-1494-4ad6-afcc-3973c50a530c","username":"silverelephant629","password":"shuan","salt":"qLqM1zk8","md5":"e61e33fb38993cbb380e606318b46af4","sha1":"04e7d37651f4d447480f11a4c9459091e0b7f614","sha256":"9b7ea2af1437306d82bd6c781d8411865815acf11d558c37a3a7efa00caa2b4d"},"dob":{"date":"1971-03-12T03:13:25.844Z","age":53},"registered":{"date":"2006-01-09T17:07:40.333Z","age":18},"phone":"7063207803","cell":"7456919819","id":{"name":"UIDAI","value":"350749093871"},"picture":{"large":"https://randomuser.me/api/portraits/women/76.jpg","medium":"https://randomuser.me/api/portraits/med/women/76.jpg","thumbnail":"https://randomuser.me/api/portraits/thumb/women/76.jpg"},"nat":"IN"}],"info":{"seed":"a0b88117a9c74503","results":1,"page":1,"version":"1.4"}}
[2024-09-23T18:08:37.918+0000] {taskinstance.py:1406} INFO - Marking task as SUCCESS. dag_id=user_processing, task_id=extract_user, execution_date=20240923T180835, start_date=20240923T180837, end_date=20240923T180837
[2024-09-23T18:08:37.984+0000] {local_task_job.py:164} INFO - Task exited with return code 0
[2024-09-23T18:08:38.028+0000] {local_task_job.py:273} INFO - 1 downstream tasks scheduled from follow-on schedule check
