[2024-09-22T17:21:43.320+0000] {taskinstance.py:1165} INFO - Dependencies all met for <TaskInstance: example_bash_operator.this_will_skip manual__2024-09-22T17:21:41.909926+00:00 [queued]>
[2024-09-22T17:21:43.341+0000] {taskinstance.py:1165} INFO - Dependencies all met for <TaskInstance: example_bash_operator.this_will_skip manual__2024-09-22T17:21:41.909926+00:00 [queued]>
[2024-09-22T17:21:43.342+0000] {taskinstance.py:1362} INFO - 
--------------------------------------------------------------------------------
[2024-09-22T17:21:43.343+0000] {taskinstance.py:1363} INFO - Starting attempt 1 of 1
[2024-09-22T17:21:43.344+0000] {taskinstance.py:1364} INFO - 
--------------------------------------------------------------------------------
[2024-09-22T17:21:43.379+0000] {taskinstance.py:1383} INFO - Executing <Task(BashOperator): this_will_skip> on 2024-09-22 17:21:41.909926+00:00
[2024-09-22T17:21:43.388+0000] {standard_task_runner.py:55} INFO - Started process 849 to run task
[2024-09-22T17:21:43.394+0000] {standard_task_runner.py:82} INFO - Running: ['***', 'tasks', 'run', 'example_bash_operator', 'this_will_skip', 'manual__2024-09-22T17:21:41.909926+00:00', '--job-id', '10', '--raw', '--subdir', '/home/***/.local/lib/python3.7/site-packages/***/example_dags/example_bash_operator.py', '--cfg-path', '/tmp/tmpo4mhzruq']
[2024-09-22T17:21:43.396+0000] {standard_task_runner.py:83} INFO - Job 10: Subtask this_will_skip
[2024-09-22T17:21:43.525+0000] {task_command.py:376} INFO - Running <TaskInstance: example_bash_operator.this_will_skip manual__2024-09-22T17:21:41.909926+00:00 [running]> on host 3faff16bae04
[2024-09-22T17:21:43.665+0000] {taskinstance.py:1592} INFO - Exporting the following env vars:
AIRFLOW_CTX_DAG_OWNER=***
AIRFLOW_CTX_DAG_ID=example_bash_operator
AIRFLOW_CTX_TASK_ID=this_will_skip
AIRFLOW_CTX_EXECUTION_DATE=2024-09-22T17:21:41.909926+00:00
AIRFLOW_CTX_TRY_NUMBER=1
AIRFLOW_CTX_DAG_RUN_ID=manual__2024-09-22T17:21:41.909926+00:00
[2024-09-22T17:21:43.668+0000] {subprocess.py:63} INFO - Tmp dir root location: 
 /tmp
[2024-09-22T17:21:43.670+0000] {subprocess.py:75} INFO - Running command: ['/bin/bash', '-c', 'echo "hello world"; exit 99;']
[2024-09-22T17:21:43.692+0000] {subprocess.py:86} INFO - Output:
[2024-09-22T17:21:43.695+0000] {subprocess.py:93} INFO - hello world
[2024-09-22T17:21:43.696+0000] {subprocess.py:97} INFO - Command exited with return code 99
[2024-09-22T17:21:43.699+0000] {taskinstance.py:1481} INFO - Bash command returned exit code 99. Skipping.
[2024-09-22T17:21:43.721+0000] {taskinstance.py:1406} INFO - Marking task as SKIPPED. dag_id=example_bash_operator, task_id=this_will_skip, execution_date=20240922T172141, start_date=20240922T172143, end_date=20240922T172143
[2024-09-22T17:21:43.768+0000] {local_task_job.py:164} INFO - Task exited with return code 0
[2024-09-22T17:21:43.836+0000] {local_task_job.py:273} INFO - 0 downstream tasks scheduled from follow-on schedule check
