[2024-09-23T00:47:23.366+0000] {taskinstance.py:1165} INFO - Dependencies all met for <TaskInstance: example_bash_operator.this_will_skip scheduled__2024-09-22T00:00:00+00:00 [queued]>
[2024-09-23T00:47:23.469+0000] {taskinstance.py:1165} INFO - Dependencies all met for <TaskInstance: example_bash_operator.this_will_skip scheduled__2024-09-22T00:00:00+00:00 [queued]>
[2024-09-23T00:47:23.473+0000] {taskinstance.py:1362} INFO - 
--------------------------------------------------------------------------------
[2024-09-23T00:47:23.477+0000] {taskinstance.py:1363} INFO - Starting attempt 1 of 1
[2024-09-23T00:47:23.481+0000] {taskinstance.py:1364} INFO - 
--------------------------------------------------------------------------------
[2024-09-23T00:47:23.715+0000] {taskinstance.py:1383} INFO - Executing <Task(BashOperator): this_will_skip> on 2024-09-22 00:00:00+00:00
[2024-09-23T00:47:23.829+0000] {standard_task_runner.py:82} INFO - Running: ['***', 'tasks', 'run', 'example_bash_operator', 'this_will_skip', 'scheduled__2024-09-22T00:00:00+00:00', '--job-id', '22', '--raw', '--subdir', '/home/***/.local/lib/python3.7/site-packages/***/example_dags/example_bash_operator.py', '--cfg-path', '/tmp/tmppmgetrq4']
[2024-09-23T00:47:23.882+0000] {standard_task_runner.py:83} INFO - Job 22: Subtask this_will_skip
[2024-09-23T00:47:23.813+0000] {standard_task_runner.py:55} INFO - Started process 4682 to run task
[2024-09-23T00:47:24.938+0000] {task_command.py:376} INFO - Running <TaskInstance: example_bash_operator.this_will_skip scheduled__2024-09-22T00:00:00+00:00 [running]> on host 3faff16bae04
[2024-09-23T00:47:25.844+0000] {taskinstance.py:1592} INFO - Exporting the following env vars:
AIRFLOW_CTX_DAG_OWNER=***
AIRFLOW_CTX_DAG_ID=example_bash_operator
AIRFLOW_CTX_TASK_ID=this_will_skip
AIRFLOW_CTX_EXECUTION_DATE=2024-09-22T00:00:00+00:00
AIRFLOW_CTX_TRY_NUMBER=1
AIRFLOW_CTX_DAG_RUN_ID=scheduled__2024-09-22T00:00:00+00:00
[2024-09-23T00:47:25.868+0000] {subprocess.py:63} INFO - Tmp dir root location: 
 /tmp
[2024-09-23T00:47:25.885+0000] {subprocess.py:75} INFO - Running command: ['/bin/bash', '-c', 'echo "hello world"; exit 99;']
[2024-09-23T00:47:25.952+0000] {subprocess.py:86} INFO - Output:
[2024-09-23T00:47:25.953+0000] {subprocess.py:93} INFO - hello world
[2024-09-23T00:47:25.955+0000] {subprocess.py:97} INFO - Command exited with return code 99
[2024-09-23T00:47:25.962+0000] {taskinstance.py:1481} INFO - Bash command returned exit code 99. Skipping.
[2024-09-23T00:47:26.016+0000] {taskinstance.py:1406} INFO - Marking task as SKIPPED. dag_id=example_bash_operator, task_id=this_will_skip, execution_date=20240922T000000, start_date=20240923T004723, end_date=20240923T004726
[2024-09-23T00:47:26.116+0000] {local_task_job.py:164} INFO - Task exited with return code 0
[2024-09-23T00:47:26.306+0000] {local_task_job.py:273} INFO - 0 downstream tasks scheduled from follow-on schedule check
