[2024-09-23T18:08:47.233+0000] {taskinstance.py:1165} INFO - Dependencies all met for <TaskInstance: user_processing.process_user manual__2024-09-23T18:08:43.068141+00:00 [queued]>
[2024-09-23T18:08:47.254+0000] {taskinstance.py:1165} INFO - Dependencies all met for <TaskInstance: user_processing.process_user manual__2024-09-23T18:08:43.068141+00:00 [queued]>
[2024-09-23T18:08:47.256+0000] {taskinstance.py:1362} INFO - 
--------------------------------------------------------------------------------
[2024-09-23T18:08:47.257+0000] {taskinstance.py:1363} INFO - Starting attempt 1 of 1
[2024-09-23T18:08:47.259+0000] {taskinstance.py:1364} INFO - 
--------------------------------------------------------------------------------
[2024-09-23T18:08:47.283+0000] {taskinstance.py:1383} INFO - Executing <Task(PythonOperator): process_user> on 2024-09-23 18:08:43.068141+00:00
[2024-09-23T18:08:47.294+0000] {standard_task_runner.py:55} INFO - Started process 14765 to run task
[2024-09-23T18:08:47.303+0000] {standard_task_runner.py:82} INFO - Running: ['***', 'tasks', 'run', 'user_processing', 'process_user', 'manual__2024-09-23T18:08:43.068141+00:00', '--job-id', '55', '--raw', '--subdir', 'DAGS_FOLDER/user_processing.py', '--cfg-path', '/tmp/tmps6ixvc90']
[2024-09-23T18:08:47.307+0000] {standard_task_runner.py:83} INFO - Job 55: Subtask process_user
[2024-09-23T18:08:47.433+0000] {task_command.py:376} INFO - Running <TaskInstance: user_processing.process_user manual__2024-09-23T18:08:43.068141+00:00 [running]> on host 3faff16bae04
[2024-09-23T18:08:47.546+0000] {taskinstance.py:1592} INFO - Exporting the following env vars:
AIRFLOW_CTX_DAG_OWNER=***
AIRFLOW_CTX_DAG_ID=user_processing
AIRFLOW_CTX_TASK_ID=process_user
AIRFLOW_CTX_EXECUTION_DATE=2024-09-23T18:08:43.068141+00:00
AIRFLOW_CTX_TRY_NUMBER=1
AIRFLOW_CTX_DAG_RUN_ID=manual__2024-09-23T18:08:43.068141+00:00
[2024-09-23T18:08:47.574+0000] {python.py:177} INFO - Done. Returned value was: None
[2024-09-23T18:08:47.589+0000] {taskinstance.py:1406} INFO - Marking task as SUCCESS. dag_id=user_processing, task_id=process_user, execution_date=20240923T180843, start_date=20240923T180847, end_date=20240923T180847
[2024-09-23T18:08:47.636+0000] {local_task_job.py:164} INFO - Task exited with return code 0
[2024-09-23T18:08:47.665+0000] {local_task_job.py:273} INFO - 0 downstream tasks scheduled from follow-on schedule check
