[2024-09-23T00:47:07.047+0000] {taskinstance.py:1165} INFO - Dependencies all met for <TaskInstance: example_bash_operator.also_run_this scheduled__2024-09-22T00:00:00+00:00 [queued]>
[2024-09-23T00:47:07.173+0000] {taskinstance.py:1165} INFO - Dependencies all met for <TaskInstance: example_bash_operator.also_run_this scheduled__2024-09-22T00:00:00+00:00 [queued]>
[2024-09-23T00:47:07.180+0000] {taskinstance.py:1362} INFO - 
--------------------------------------------------------------------------------
[2024-09-23T00:47:07.186+0000] {taskinstance.py:1363} INFO - Starting attempt 1 of 1
[2024-09-23T00:47:07.194+0000] {taskinstance.py:1364} INFO - 
--------------------------------------------------------------------------------
[2024-09-23T00:47:07.316+0000] {taskinstance.py:1383} INFO - Executing <Task(BashOperator): also_run_this> on 2024-09-22 00:00:00+00:00
[2024-09-23T00:47:07.384+0000] {standard_task_runner.py:55} INFO - Started process 4668 to run task
[2024-09-23T00:47:07.405+0000] {standard_task_runner.py:82} INFO - Running: ['***', 'tasks', 'run', 'example_bash_operator', 'also_run_this', 'scheduled__2024-09-22T00:00:00+00:00', '--job-id', '18', '--raw', '--subdir', '/home/***/.local/lib/python3.7/site-packages/***/example_dags/example_bash_operator.py', '--cfg-path', '/tmp/tmporeeupu2']
[2024-09-23T00:47:07.435+0000] {standard_task_runner.py:83} INFO - Job 18: Subtask also_run_this
[2024-09-23T00:47:22.886+0000] {task_command.py:376} INFO - Running <TaskInstance: example_bash_operator.also_run_this scheduled__2024-09-22T00:00:00+00:00 [running]> on host 3faff16bae04
[2024-09-23T00:47:23.427+0000] {taskinstance.py:1592} INFO - Exporting the following env vars:
AIRFLOW_CTX_DAG_OWNER=***
AIRFLOW_CTX_DAG_ID=example_bash_operator
AIRFLOW_CTX_TASK_ID=also_run_this
AIRFLOW_CTX_EXECUTION_DATE=2024-09-22T00:00:00+00:00
AIRFLOW_CTX_TRY_NUMBER=1
AIRFLOW_CTX_DAG_RUN_ID=scheduled__2024-09-22T00:00:00+00:00
[2024-09-23T00:47:23.442+0000] {subprocess.py:63} INFO - Tmp dir root location: 
 /tmp
[2024-09-23T00:47:23.454+0000] {subprocess.py:75} INFO - Running command: ['/bin/bash', '-c', 'echo "ti_key=example_bash_operator__also_run_this__20240922"']
[2024-09-23T00:47:23.586+0000] {subprocess.py:86} INFO - Output:
[2024-09-23T00:47:23.595+0000] {subprocess.py:93} INFO - ti_key=example_bash_operator__also_run_this__20240922
[2024-09-23T00:47:23.606+0000] {subprocess.py:97} INFO - Command exited with return code 0
[2024-09-23T00:47:24.137+0000] {taskinstance.py:1406} INFO - Marking task as SUCCESS. dag_id=example_bash_operator, task_id=also_run_this, execution_date=20240922T000000, start_date=20240923T004707, end_date=20240923T004724
[2024-09-23T00:47:24.281+0000] {local_task_job.py:164} INFO - Task exited with return code 0
[2024-09-23T00:47:24.501+0000] {local_task_job.py:273} INFO - 0 downstream tasks scheduled from follow-on schedule check
