[2024-09-22T17:21:25.942+0000] {taskinstance.py:1165} INFO - Dependencies all met for <TaskInstance: example_bash_operator.run_after_loop scheduled__2024-09-21T00:00:00+00:00 [queued]>
[2024-09-22T17:21:25.957+0000] {taskinstance.py:1165} INFO - Dependencies all met for <TaskInstance: example_bash_operator.run_after_loop scheduled__2024-09-21T00:00:00+00:00 [queued]>
[2024-09-22T17:21:25.958+0000] {taskinstance.py:1362} INFO - 
--------------------------------------------------------------------------------
[2024-09-22T17:21:25.959+0000] {taskinstance.py:1363} INFO - Starting attempt 1 of 1
[2024-09-22T17:21:25.960+0000] {taskinstance.py:1364} INFO - 
--------------------------------------------------------------------------------
[2024-09-22T17:21:25.980+0000] {taskinstance.py:1383} INFO - Executing <Task(BashOperator): run_after_loop> on 2024-09-21 00:00:00+00:00
[2024-09-22T17:21:25.987+0000] {standard_task_runner.py:55} INFO - Started process 822 to run task
[2024-09-22T17:21:25.992+0000] {standard_task_runner.py:82} INFO - Running: ['***', 'tasks', 'run', 'example_bash_operator', 'run_after_loop', 'scheduled__2024-09-21T00:00:00+00:00', '--job-id', '8', '--raw', '--subdir', '/home/***/.local/lib/python3.7/site-packages/***/example_dags/example_bash_operator.py', '--cfg-path', '/tmp/tmp9ohhch34']
[2024-09-22T17:21:25.994+0000] {standard_task_runner.py:83} INFO - Job 8: Subtask run_after_loop
[2024-09-22T17:21:26.089+0000] {task_command.py:376} INFO - Running <TaskInstance: example_bash_operator.run_after_loop scheduled__2024-09-21T00:00:00+00:00 [running]> on host 3faff16bae04
[2024-09-22T17:21:26.187+0000] {taskinstance.py:1592} INFO - Exporting the following env vars:
AIRFLOW_CTX_DAG_OWNER=***
AIRFLOW_CTX_DAG_ID=example_bash_operator
AIRFLOW_CTX_TASK_ID=run_after_loop
AIRFLOW_CTX_EXECUTION_DATE=2024-09-21T00:00:00+00:00
AIRFLOW_CTX_TRY_NUMBER=1
AIRFLOW_CTX_DAG_RUN_ID=scheduled__2024-09-21T00:00:00+00:00
[2024-09-22T17:21:26.189+0000] {subprocess.py:63} INFO - Tmp dir root location: 
 /tmp
[2024-09-22T17:21:26.190+0000] {subprocess.py:75} INFO - Running command: ['/bin/bash', '-c', 'echo 1']
[2024-09-22T17:21:26.207+0000] {subprocess.py:86} INFO - Output:
[2024-09-22T17:21:26.210+0000] {subprocess.py:93} INFO - 1
[2024-09-22T17:21:26.211+0000] {subprocess.py:97} INFO - Command exited with return code 0
[2024-09-22T17:21:26.246+0000] {taskinstance.py:1406} INFO - Marking task as SUCCESS. dag_id=example_bash_operator, task_id=run_after_loop, execution_date=20240921T000000, start_date=20240922T172125, end_date=20240922T172126
[2024-09-22T17:21:26.285+0000] {local_task_job.py:164} INFO - Task exited with return code 0
[2024-09-22T17:21:26.318+0000] {local_task_job.py:273} INFO - 0 downstream tasks scheduled from follow-on schedule check
