[2024-09-22T17:21:43.362+0000] {taskinstance.py:1165} INFO - Dependencies all met for <TaskInstance: example_bash_operator.runme_2 manual__2024-09-22T17:21:41.909926+00:00 [queued]>
[2024-09-22T17:21:43.383+0000] {taskinstance.py:1165} INFO - Dependencies all met for <TaskInstance: example_bash_operator.runme_2 manual__2024-09-22T17:21:41.909926+00:00 [queued]>
[2024-09-22T17:21:43.385+0000] {taskinstance.py:1362} INFO - 
--------------------------------------------------------------------------------
[2024-09-22T17:21:43.386+0000] {taskinstance.py:1363} INFO - Starting attempt 1 of 1
[2024-09-22T17:21:43.387+0000] {taskinstance.py:1364} INFO - 
--------------------------------------------------------------------------------
[2024-09-22T17:21:43.413+0000] {taskinstance.py:1383} INFO - Executing <Task(BashOperator): runme_2> on 2024-09-22 17:21:41.909926+00:00
[2024-09-22T17:21:43.424+0000] {standard_task_runner.py:55} INFO - Started process 851 to run task
[2024-09-22T17:21:43.436+0000] {standard_task_runner.py:82} INFO - Running: ['***', 'tasks', 'run', 'example_bash_operator', 'runme_2', 'manual__2024-09-22T17:21:41.909926+00:00', '--job-id', '12', '--raw', '--subdir', '/home/***/.local/lib/python3.7/site-packages/***/example_dags/example_bash_operator.py', '--cfg-path', '/tmp/tmpgfvmswyl']
[2024-09-22T17:21:43.438+0000] {standard_task_runner.py:83} INFO - Job 12: Subtask runme_2
[2024-09-22T17:21:43.573+0000] {task_command.py:376} INFO - Running <TaskInstance: example_bash_operator.runme_2 manual__2024-09-22T17:21:41.909926+00:00 [running]> on host 3faff16bae04
[2024-09-22T17:21:43.716+0000] {taskinstance.py:1592} INFO - Exporting the following env vars:
AIRFLOW_CTX_DAG_OWNER=***
AIRFLOW_CTX_DAG_ID=example_bash_operator
AIRFLOW_CTX_TASK_ID=runme_2
AIRFLOW_CTX_EXECUTION_DATE=2024-09-22T17:21:41.909926+00:00
AIRFLOW_CTX_TRY_NUMBER=1
AIRFLOW_CTX_DAG_RUN_ID=manual__2024-09-22T17:21:41.909926+00:00
[2024-09-22T17:21:43.720+0000] {subprocess.py:63} INFO - Tmp dir root location: 
 /tmp
[2024-09-22T17:21:43.722+0000] {subprocess.py:75} INFO - Running command: ['/bin/bash', '-c', 'echo "example_bash_operator__runme_2__20240922" && sleep 1']
[2024-09-22T17:21:43.742+0000] {subprocess.py:86} INFO - Output:
[2024-09-22T17:21:43.745+0000] {subprocess.py:93} INFO - example_bash_operator__runme_2__20240922
[2024-09-22T17:21:44.727+0000] {subprocess.py:97} INFO - Command exited with return code 0
[2024-09-22T17:21:44.771+0000] {taskinstance.py:1406} INFO - Marking task as SUCCESS. dag_id=example_bash_operator, task_id=runme_2, execution_date=20240922T172141, start_date=20240922T172143, end_date=20240922T172144
[2024-09-22T17:21:44.832+0000] {local_task_job.py:164} INFO - Task exited with return code 0
[2024-09-22T17:21:44.872+0000] {local_task_job.py:273} INFO - 0 downstream tasks scheduled from follow-on schedule check
