[2024-09-23T18:08:44.761+0000] {taskinstance.py:1165} INFO - Dependencies all met for <TaskInstance: user_processing.extract_user manual__2024-09-23T18:08:43.068141+00:00 [queued]>
[2024-09-23T18:08:44.777+0000] {taskinstance.py:1165} INFO - Dependencies all met for <TaskInstance: user_processing.extract_user manual__2024-09-23T18:08:43.068141+00:00 [queued]>
[2024-09-23T18:08:44.778+0000] {taskinstance.py:1362} INFO - 
--------------------------------------------------------------------------------
[2024-09-23T18:08:44.779+0000] {taskinstance.py:1363} INFO - Starting attempt 1 of 1
[2024-09-23T18:08:44.781+0000] {taskinstance.py:1364} INFO - 
--------------------------------------------------------------------------------
[2024-09-23T18:08:44.806+0000] {taskinstance.py:1383} INFO - Executing <Task(SimpleHttpOperator): extract_user> on 2024-09-23 18:08:43.068141+00:00
[2024-09-23T18:08:44.816+0000] {standard_task_runner.py:55} INFO - Started process 14761 to run task
[2024-09-23T18:08:44.825+0000] {standard_task_runner.py:82} INFO - Running: ['***', 'tasks', 'run', 'user_processing', 'extract_user', 'manual__2024-09-23T18:08:43.068141+00:00', '--job-id', '54', '--raw', '--subdir', 'DAGS_FOLDER/user_processing.py', '--cfg-path', '/tmp/tmppirmy882']
[2024-09-23T18:08:44.830+0000] {standard_task_runner.py:83} INFO - Job 54: Subtask extract_user
[2024-09-23T18:08:44.997+0000] {task_command.py:376} INFO - Running <TaskInstance: user_processing.extract_user manual__2024-09-23T18:08:43.068141+00:00 [running]> on host 3faff16bae04
[2024-09-23T18:08:45.134+0000] {taskinstance.py:1592} INFO - Exporting the following env vars:
AIRFLOW_CTX_DAG_OWNER=***
AIRFLOW_CTX_DAG_ID=user_processing
AIRFLOW_CTX_TASK_ID=extract_user
AIRFLOW_CTX_EXECUTION_DATE=2024-09-23T18:08:43.068141+00:00
AIRFLOW_CTX_TRY_NUMBER=1
AIRFLOW_CTX_DAG_RUN_ID=manual__2024-09-23T18:08:43.068141+00:00
[2024-09-23T18:08:45.136+0000] {http.py:121} INFO - Calling HTTP method
[2024-09-23T18:08:45.156+0000] {base.py:71} INFO - Using connection ID 'user_api' for task execution.
[2024-09-23T18:08:45.160+0000] {http.py:148} INFO - Sending 'GET' to url: https://randomuser.me/api/
[2024-09-23T18:08:45.502+0000] {http.py:125} INFO - {"results":[{"gender":"female","name":{"title":"Ms","first":"Holly","last":"Jones"},"location":{"street":{"number":3257,"name":"Panama Road"},"city":"Christchurch","state":"Nelson","country":"New Zealand","postcode":27584,"coordinates":{"latitude":"50.7628","longitude":"0.9157"},"timezone":{"offset":"+11:00","description":"Magadan, Solomon Islands, New Caledonia"}},"email":"holly.jones@example.com","login":{"uuid":"65af5a17-374e-4aae-b4c0-e38179578e26","username":"beautifultiger306","password":"sherman","salt":"Ep5PM69r","md5":"7acdde4a22c0c7fe4ca184dfd6ca4d3c","sha1":"aa7b3ef388bc409c32f4983f269a0d7fdda6f504","sha256":"3c014c7d22cf4e4dd20b3c61b198867c2a45c7afbce69aaeedb9da3ce74e6cf1"},"dob":{"date":"1973-10-28T01:55:59.140Z","age":50},"registered":{"date":"2004-04-28T19:15:35.536Z","age":20},"phone":"(534)-591-3184","cell":"(261)-283-3114","id":{"name":"","value":null},"picture":{"large":"https://randomuser.me/api/portraits/women/46.jpg","medium":"https://randomuser.me/api/portraits/med/women/46.jpg","thumbnail":"https://randomuser.me/api/portraits/thumb/women/46.jpg"},"nat":"NZ"}],"info":{"seed":"bb6cc4ee47cff692","results":1,"page":1,"version":"1.4"}}
[2024-09-23T18:08:45.539+0000] {taskinstance.py:1406} INFO - Marking task as SUCCESS. dag_id=user_processing, task_id=extract_user, execution_date=20240923T180843, start_date=20240923T180844, end_date=20240923T180845
[2024-09-23T18:08:45.602+0000] {local_task_job.py:164} INFO - Task exited with return code 0
[2024-09-23T18:08:45.639+0000] {local_task_job.py:273} INFO - 1 downstream tasks scheduled from follow-on schedule check
